[ 2017-07-11T09:11:07+08:00 ] 127.0.0.1 /
INFO: [ app_init ] --START--
INFO: Run Behavior\BuildLiteBehavior [ RunTime:0.000715s ]
INFO: Run Common\Behavior\InitHookBehavior [ RunTime:0.009378s ]
INFO: [ app_init ] --END-- [ RunTime:0.015195s ]
INFO: [ app_begin ] --START--
INFO: Run Behavior\ReadHtmlCacheBehavior [ RunTime:0.002482s ]
INFO: [ app_begin ] --END-- [ RunTime:0.004980s ]
SQL: SHOW COLUMNS FROM `onethink_config` [ RunTime:0.0043s ]
SQL: SELECT `type`,`name`,`value` FROM `onethink_config` WHERE `status` = 1  [ RunTime:0.0010s ]

[ 2017-07-11T09:11:09+08:00 ] 127.0.0.1 /index.php?s=/Home/User/register.html
INFO: [ app_init ] --START--
INFO: Run Behavior\BuildLiteBehavior [ RunTime:0.000408s ]
INFO: Run Common\Behavior\InitHookBehavior [ RunTime:0.008625s ]
INFO: [ app_init ] --END-- [ RunTime:0.013063s ]
INFO: [ app_begin ] --START--
INFO: Run Behavior\ReadHtmlCacheBehavior [ RunTime:0.001716s ]
INFO: [ app_begin ] --END-- [ RunTime:0.004284s ]
SQL: SHOW COLUMNS FROM `onethink_config` [ RunTime:0.0051s ]
SQL: SELECT `type`,`name`,`value` FROM `onethink_config` WHERE `status` = 1  [ RunTime:0.0009s ]

[ 2017-07-11T09:11:10+08:00 ] 127.0.0.1 /index.php?s=/Home/User/verify.html
INFO: [ app_init ] --START--
INFO: Run Behavior\BuildLiteBehavior [ RunTime:0.000945s ]
INFO: Run Common\Behavior\InitHookBehavior [ RunTime:0.013016s ]
INFO: [ app_init ] --END-- [ RunTime:0.021308s ]
INFO: [ app_begin ] --START--
INFO: Run Behavior\ReadHtmlCacheBehavior [ RunTime:0.001630s ]
INFO: [ app_begin ] --END-- [ RunTime:0.004275s ]
SQL: SHOW COLUMNS FROM `onethink_config` [ RunTime:0.0094s ]
SQL: SELECT `type`,`name`,`value` FROM `onethink_config` WHERE `status` = 1  [ RunTime:0.0009s ]

[ 2017-07-11T09:11:35+08:00 ] 127.0.0.1 /index.php?s=/Home/User/verify.html&random=0.48392341928668725
INFO: [ app_init ] --START--
INFO: Run Behavior\BuildLiteBehavior [ RunTime:0.000408s ]
INFO: Run Common\Behavior\InitHookBehavior [ RunTime:0.008602s ]
INFO: [ app_init ] --END-- [ RunTime:0.012985s ]
INFO: [ app_begin ] --START--
INFO: Run Behavior\ReadHtmlCacheBehavior [ RunTime:0.001594s ]
INFO: [ app_begin ] --END-- [ RunTime:0.004027s ]
SQL: SHOW COLUMNS FROM `onethink_config` [ RunTime:0.0069s ]
SQL: SELECT `type`,`name`,`value` FROM `onethink_config` WHERE `status` = 1  [ RunTime:0.0009s ]

[ 2017-07-11T09:11:39+08:00 ] 127.0.0.1 /index.php?s=/Home/User/register.html
INFO: [ app_init ] --START--
INFO: Run Behavior\BuildLiteBehavior [ RunTime:0.000958s ]
INFO: Run Common\Behavior\InitHookBehavior [ RunTime:0.007625s ]
INFO: [ app_init ] --END-- [ RunTime:0.013584s ]
INFO: [ app_begin ] --START--
INFO: Run Behavior\ReadHtmlCacheBehavior [ RunTime:0.001215s ]
INFO: [ app_begin ] --END-- [ RunTime:0.003005s ]
SQL: SHOW COLUMNS FROM `onethink_config` [ RunTime:0.0061s ]
SQL: SELECT `type`,`name`,`value` FROM `onethink_config` WHERE `status` = 1  [ RunTime:0.0007s ]

[ 2017-07-11T09:11:39+08:00 ] 127.0.0.1 /index.php?s=/Home/User/login.html
INFO: [ app_init ] --START--
INFO: Run Behavior\BuildLiteBehavior [ RunTime:0.000450s ]
INFO: Run Common\Behavior\InitHookBehavior [ RunTime:0.008161s ]
INFO: [ app_init ] --END-- [ RunTime:0.012480s ]
INFO: [ app_begin ] --START--
INFO: Run Behavior\ReadHtmlCacheBehavior [ RunTime:0.001620s ]
INFO: [ app_begin ] --END-- [ RunTime:0.003962s ]
SQL: SHOW COLUMNS FROM `onethink_config` [ RunTime:0.0051s ]
SQL: SELECT `type`,`name`,`value` FROM `onethink_config` WHERE `status` = 1  [ RunTime:0.0008s ]

[ 2017-07-11T09:11:39+08:00 ] 127.0.0.1 /index.php?s=/Home/User/verify.html
INFO: [ app_init ] --START--
INFO: Run Behavior\BuildLiteBehavior [ RunTime:0.000750s ]
INFO: Run Common\Behavior\InitHookBehavior [ RunTime:0.011445s ]
INFO: [ app_init ] --END-- [ RunTime:0.018242s ]
INFO: [ app_begin ] --START--
INFO: Run Behavior\ReadHtmlCacheBehavior [ RunTime:0.003225s ]
INFO: [ app_begin ] --END-- [ RunTime:0.006362s ]
SQL: SHOW COLUMNS FROM `onethink_config` [ RunTime:0.0054s ]
SQL: SELECT `type`,`name`,`value` FROM `onethink_config` WHERE `status` = 1  [ RunTime:0.0009s ]

