[ 2017-07-14T16:10:10+08:00 ] 127.0.0.1 /wechat.php
INFO: [ app_init ] --START--
INFO: Run Behavior\BuildLiteBehavior [ RunTime:0.000426s ]
INFO: Run Common\Behavior\InitHookBehavior [ RunTime:0.010560s ]
INFO: [ app_init ] --END-- [ RunTime:0.015696s ]
INFO: [ app_begin ] --START--
INFO: Run Behavior\ReadHtmlCacheBehavior [ RunTime:0.008146s ]
INFO: [ app_begin ] --END-- [ RunTime:0.010607s ]
SQL: SHOW COLUMNS FROM `onethink_config` [ RunTime:0.0057s ]
SQL: SELECT `type`,`name`,`value` FROM `onethink_config` WHERE `status` = 1  [ RunTime:0.0008s ]

[ 2017-07-14T17:20:17+08:00 ] 127.0.0.1 /wechat.php
INFO: [ app_init ] --START--
INFO: Run Behavior\BuildLiteBehavior [ RunTime:0.000553s ]
INFO: Run Common\Behavior\InitHookBehavior [ RunTime:0.009892s ]
INFO: [ app_init ] --END-- [ RunTime:0.015365s ]
INFO: [ app_begin ] --START--
INFO: Run Behavior\ReadHtmlCacheBehavior [ RunTime:0.008755s ]
INFO: [ app_begin ] --END-- [ RunTime:0.012829s ]
SQL: SHOW COLUMNS FROM `onethink_config` [ RunTime:0.0050s ]
SQL: SELECT `type`,`name`,`value` FROM `onethink_config` WHERE `status` = 1  [ RunTime:0.0012s ]

[ 2017-07-14T17:20:26+08:00 ] 127.0.0.1 /wechat.php?s=/Sole/index.html
INFO: [ app_init ] --START--
INFO: Run Behavior\BuildLiteBehavior [ RunTime:0.000424s ]
INFO: Run Common\Behavior\InitHookBehavior [ RunTime:0.010029s ]
INFO: [ app_init ] --END-- [ RunTime:0.014736s ]
INFO: [ app_begin ] --START--
INFO: Run Behavior\ReadHtmlCacheBehavior [ RunTime:0.002556s ]
INFO: [ app_begin ] --END-- [ RunTime:0.004972s ]
SQL: SHOW COLUMNS FROM `onethink_config` [ RunTime:0.0045s ]
SQL: SELECT `type`,`name`,`value` FROM `onethink_config` WHERE `status` = 1  [ RunTime:0.0011s ]

[ 2017-07-14T17:20:31+08:00 ] 127.0.0.1 /wechat.php?s=/Activity/index.html
INFO: [ app_init ] --START--
INFO: Run Behavior\BuildLiteBehavior [ RunTime:0.000451s ]
INFO: Run Common\Behavior\InitHookBehavior [ RunTime:0.009956s ]
INFO: [ app_init ] --END-- [ RunTime:0.015588s ]
INFO: [ app_begin ] --START--
INFO: Run Behavior\ReadHtmlCacheBehavior [ RunTime:0.003136s ]
INFO: [ app_begin ] --END-- [ RunTime:0.005563s ]
SQL: SHOW COLUMNS FROM `onethink_config` [ RunTime:0.0050s ]
SQL: SELECT `type`,`name`,`value` FROM `onethink_config` WHERE `status` = 1  [ RunTime:0.0015s ]

[ 2017-07-14T17:20:34+08:00 ] 127.0.0.1 /wechat.php?s=/Activity/detail/id/3.html
INFO: [ app_init ] --START--
INFO: Run Behavior\BuildLiteBehavior [ RunTime:0.000436s ]
INFO: Run Common\Behavior\InitHookBehavior [ RunTime:0.009181s ]
INFO: [ app_init ] --END-- [ RunTime:0.014359s ]
INFO: [ app_begin ] --START--
INFO: Run Behavior\ReadHtmlCacheBehavior [ RunTime:0.002754s ]
INFO: [ app_begin ] --END-- [ RunTime:0.005152s ]
SQL: SHOW COLUMNS FROM `onethink_config` [ RunTime:0.0056s ]
SQL: SELECT `type`,`name`,`value` FROM `onethink_config` WHERE `status` = 1  [ RunTime:0.0008s ]

