[ 2017-07-13T20:13:13+08:00 ] 127.0.0.1 /wechat.php
INFO: [ app_init ] --START--
INFO: Run Behavior\BuildLiteBehavior [ RunTime:0.000425s ]
INFO: Run Common\Behavior\InitHookBehavior [ RunTime:0.012447s ]
INFO: [ app_init ] --END-- [ RunTime:0.019101s ]
INFO: [ app_begin ] --START--
INFO: Run Behavior\ReadHtmlCacheBehavior [ RunTime:0.010667s ]
INFO: [ app_begin ] --END-- [ RunTime:0.013698s ]
SQL: SHOW COLUMNS FROM `onethink_config` [ RunTime:0.0069s ]
SQL: SELECT `type`,`name`,`value` FROM `onethink_config` WHERE `status` = 1  [ RunTime:0.0010s ]

[ 2017-07-13T20:13:16+08:00 ] 127.0.0.1 /wechat.php?s=/Index/my.html
INFO: [ app_init ] --START--
INFO: Run Behavior\BuildLiteBehavior [ RunTime:0.000450s ]
INFO: Run Common\Behavior\InitHookBehavior [ RunTime:0.008461s ]
INFO: [ app_init ] --END-- [ RunTime:0.014318s ]
INFO: [ app_begin ] --START--
INFO: Run Behavior\ReadHtmlCacheBehavior [ RunTime:0.002059s ]
INFO: [ app_begin ] --END-- [ RunTime:0.004443s ]
SQL: SHOW COLUMNS FROM `onethink_config` [ RunTime:0.0046s ]
SQL: SELECT `type`,`name`,`value` FROM `onethink_config` WHERE `status` = 1  [ RunTime:0.0008s ]

[ 2017-07-13T20:13:19+08:00 ] 127.0.0.1 /wechat.php?s=/User/login.html
INFO: [ app_init ] --START--
INFO: Run Behavior\BuildLiteBehavior [ RunTime:0.000676s ]
INFO: Run Common\Behavior\InitHookBehavior [ RunTime:0.008444s ]
INFO: [ app_init ] --END-- [ RunTime:0.014759s ]
INFO: [ app_begin ] --START--
NOTIC: [8] Undefined index: index D:\php\thinkphp\onethink-master\wwwroot\ThinkPHP\Library\Behavior\ReadHtmlCacheBehavior.class.php 第 81 行.
INFO: Run Behavior\ReadHtmlCacheBehavior [ RunTime:0.010082s ]
INFO: [ app_begin ] --END-- [ RunTime:0.013790s ]
INFO: [ view_parse ] --START--
INFO: [ template_filter ] --START--
INFO: Run Behavior\ContentReplaceBehavior [ RunTime:0.001443s ]
INFO: [ template_filter ] --END-- [ RunTime:0.003868s ]
INFO: Run Behavior\ParseTemplateBehavior [ RunTime:0.058023s ]
INFO: [ view_parse ] --END-- [ RunTime:0.060485s ]
INFO: [ view_filter ] --START--
INFO: Run Behavior\WriteHtmlCacheBehavior [ RunTime:0.004153s ]
INFO: [ view_filter ] --END-- [ RunTime:0.006865s ]
INFO: [ app_end ] --START--
INFO: Run Behavior\ShowPageTraceBehavior [ RunTime:0.001795s ]
INFO: [ app_end ] --END-- [ RunTime:0.006019s ]

[ 2017-07-13T20:13:19+08:00 ] 127.0.0.1 /wechat.php?s=/User/verify.html
INFO: [ app_init ] --START--
INFO: Run Behavior\BuildLiteBehavior [ RunTime:0.000468s ]
INFO: Run Common\Behavior\InitHookBehavior [ RunTime:0.009890s ]
INFO: [ app_init ] --END-- [ RunTime:0.015144s ]
INFO: [ app_begin ] --START--
INFO: Run Behavior\ReadHtmlCacheBehavior [ RunTime:0.002942s ]
INFO: [ app_begin ] --END-- [ RunTime:0.005521s ]
INFO: [ app_end ] --START--
INFO: Run Behavior\ShowPageTraceBehavior [ RunTime:0.001637s ]
INFO: [ app_end ] --END-- [ RunTime:0.004085s ]

[ 2017-07-13T20:13:24+08:00 ] 127.0.0.1 /wechat.php?s=/User/login.html
INFO: [ app_init ] --START--
INFO: Run Behavior\BuildLiteBehavior [ RunTime:0.000414s ]
INFO: Run Common\Behavior\InitHookBehavior [ RunTime:0.007378s ]
INFO: [ app_init ] --END-- [ RunTime:0.012071s ]
INFO: [ app_begin ] --START--
INFO: Run Behavior\ReadHtmlCacheBehavior [ RunTime:0.001270s ]
INFO: [ app_begin ] --END-- [ RunTime:0.003180s ]
SQL: SHOW COLUMNS FROM `onethink_member` [ RunTime:0.0081s ]
SQL: SELECT `uid`,`nickname`,`sex`,`birthday`,`qq`,`score`,`login`,`reg_ip`,`reg_time`,`last_login_ip`,`last_login_time`,`status` FROM `onethink_member` WHERE `uid` = 1 LIMIT 1   [ RunTime:0.0010s ]
SQL: UPDATE `onethink_member` SET `login`=`login`+1,`last_login_time`='1499948004',`last_login_ip`='2130706433' WHERE `uid` = 1 [ RunTime:0.0013s ]
SQL: SHOW COLUMNS FROM `onethink_action` [ RunTime:0.0064s ]
SQL: SELECT * FROM `onethink_action` WHERE `name` = 'user_login' LIMIT 1   [ RunTime:0.0011s ]
SQL: SHOW COLUMNS FROM `onethink_action_log` [ RunTime:0.0053s ]
SQL: INSERT INTO `onethink_action_log` (`action_id`,`user_id`,`action_ip`,`model`,`record_id`,`create_time`,`remark`) VALUES ('1','1','2130706433','member','1','1499948004','hjl在2017-07-13 20:13登录了后台') [ RunTime:0.0019s ]
SQL: SELECT * FROM `onethink_action` WHERE `name` = 'user_login' LIMIT 1   [ RunTime:0.0006s ]
NOTIC: [8] Undefined offset: 1 D:\php\thinkphp\onethink-master\wwwroot\Application\Common\Common\function.php 第 679 行.
NOTIC: [2] array_key_exists() expects parameter 2 to be array, null given D:\php\thinkphp\onethink-master\wwwroot\Application\Common\Common\function.php 第 679 行.
SQL: SELECT COUNT(*) AS tp_count FROM `onethink_action_log` WHERE `action_id` = 1 AND `user_id` = 1 AND `create_time` > 1499861604 LIMIT 1   [ RunTime:0.0024s ]
SQL: SHOW COLUMNS FROM `onethink_member` [ RunTime:0.0036s ]
SQL: UPDATE `onethink_member` SET `score`=score+10 WHERE ( uid=1 AND status>-1 ) [ RunTime:0.0007s ]

[ 2017-07-13T20:13:25+08:00 ] 127.0.0.1 /wechat.php?s=/Index/my.html
INFO: [ app_init ] --START--
INFO: Run Behavior\BuildLiteBehavior [ RunTime:0.000703s ]
INFO: Run Common\Behavior\InitHookBehavior [ RunTime:0.010781s ]
INFO: [ app_init ] --END-- [ RunTime:0.015867s ]
INFO: [ app_begin ] --START--
INFO: Run Behavior\ReadHtmlCacheBehavior [ RunTime:0.002339s ]
INFO: [ app_begin ] --END-- [ RunTime:0.004716s ]
SQL: SHOW COLUMNS FROM `onethink_config` [ RunTime:0.0039s ]
SQL: SELECT `type`,`name`,`value` FROM `onethink_config` WHERE `status` = 1  [ RunTime:0.0007s ]

[ 2017-07-13T20:13:27+08:00 ] 127.0.0.1 /wechat.php?s=/Bx/index.html
INFO: [ app_init ] --START--
INFO: Run Behavior\BuildLiteBehavior [ RunTime:0.000449s ]
INFO: Run Common\Behavior\InitHookBehavior [ RunTime:0.009585s ]
INFO: [ app_init ] --END-- [ RunTime:0.014063s ]
INFO: [ app_begin ] --START--
INFO: Run Behavior\ReadHtmlCacheBehavior [ RunTime:0.001939s ]
INFO: [ app_begin ] --END-- [ RunTime:0.004238s ]
SQL: SHOW COLUMNS FROM `onethink_config` [ RunTime:0.0049s ]
SQL: SELECT `type`,`name`,`value` FROM `onethink_config` WHERE `status` = 1  [ RunTime:0.0007s ]

[ 2017-07-13T20:17:24+08:00 ] 127.0.0.1 /wechat.php?s=/Index/index.html
INFO: [ app_init ] --START--
INFO: Run Behavior\BuildLiteBehavior [ RunTime:0.000406s ]
INFO: Run Common\Behavior\InitHookBehavior [ RunTime:0.007463s ]
INFO: [ app_init ] --END-- [ RunTime:0.012733s ]
INFO: [ app_begin ] --START--

[ 2017-07-13T20:17:26+08:00 ] 127.0.0.1 /wechat.php?s=/Sole/index.html
INFO: [ app_init ] --START--
INFO: Run Behavior\BuildLiteBehavior [ RunTime:0.000474s ]
INFO: Run Common\Behavior\InitHookBehavior [ RunTime:0.008236s ]
INFO: [ app_init ] --END-- [ RunTime:0.012675s ]
INFO: [ app_begin ] --START--
INFO: Run Behavior\ReadHtmlCacheBehavior [ RunTime:0.002883s ]
INFO: [ app_begin ] --END-- [ RunTime:0.005631s ]
SQL: SHOW COLUMNS FROM `onethink_config` [ RunTime:0.0039s ]
SQL: SELECT `type`,`name`,`value` FROM `onethink_config` WHERE `status` = 1  [ RunTime:0.0008s ]

[ 2017-07-13T20:17:28+08:00 ] 127.0.0.1 /wechat.php?s=/Document/index.html
INFO: [ app_init ] --START--
INFO: Run Behavior\BuildLiteBehavior [ RunTime:0.000588s ]
INFO: Run Common\Behavior\InitHookBehavior [ RunTime:0.007575s ]
INFO: [ app_init ] --END-- [ RunTime:0.012477s ]
INFO: [ app_begin ] --START--
INFO: Run Behavior\ReadHtmlCacheBehavior [ RunTime:0.002989s ]
INFO: [ app_begin ] --END-- [ RunTime:0.005820s ]
SQL: SHOW COLUMNS FROM `onethink_config` [ RunTime:0.0047s ]
SQL: SELECT `type`,`name`,`value` FROM `onethink_config` WHERE `status` = 1  [ RunTime:0.0009s ]

[ 2017-07-13T20:17:29+08:00 ] 127.0.0.1 /wechat.php?s=/Activity/detail/id/1.html
INFO: [ app_init ] --START--
INFO: Run Behavior\BuildLiteBehavior [ RunTime:0.000473s ]
INFO: Run Common\Behavior\InitHookBehavior [ RunTime:0.007751s ]
INFO: [ app_init ] --END-- [ RunTime:0.012774s ]
INFO: [ app_begin ] --START--
INFO: Run Behavior\ReadHtmlCacheBehavior [ RunTime:0.002544s ]
INFO: [ app_begin ] --END-- [ RunTime:0.005450s ]
SQL: SHOW COLUMNS FROM `onethink_config` [ RunTime:0.0037s ]
SQL: SELECT `type`,`name`,`value` FROM `onethink_config` WHERE `status` = 1  [ RunTime:0.0009s ]

