[ 2017-07-30T14:05:10+08:00 ] 127.0.0.1 /wechat.php
INFO: [ app_init ] --START--
INFO: Run Behavior\BuildLiteBehavior [ RunTime:0.000747s ]
INFO: Run Common\Behavior\InitHookBehavior [ RunTime:0.015464s ]
INFO: [ app_init ] --END-- [ RunTime:0.023655s ]
INFO: [ app_begin ] --START--
INFO: Run Behavior\ReadHtmlCacheBehavior [ RunTime:0.011624s ]
INFO: [ app_begin ] --END-- [ RunTime:0.014163s ]
SQL: SHOW COLUMNS FROM `onethink_config` [ RunTime:0.0064s ]
SQL: SELECT `type`,`name`,`value` FROM `onethink_config` WHERE `status` = 1  [ RunTime:0.0010s ]

[ 2017-07-30T14:05:12+08:00 ] 127.0.0.1 /wechat.php?s=/Document/index.html
INFO: [ app_init ] --START--
INFO: Run Behavior\BuildLiteBehavior [ RunTime:0.000678s ]
INFO: Run Common\Behavior\InitHookBehavior [ RunTime:0.008033s ]
INFO: [ app_init ] --END-- [ RunTime:0.013777s ]
INFO: [ app_begin ] --START--
INFO: Run Behavior\ReadHtmlCacheBehavior [ RunTime:0.002155s ]
INFO: [ app_begin ] --END-- [ RunTime:0.004598s ]
SQL: SHOW COLUMNS FROM `onethink_config` [ RunTime:0.0042s ]
SQL: SELECT `type`,`name`,`value` FROM `onethink_config` WHERE `status` = 1  [ RunTime:0.0008s ]

[ 2017-07-30T14:05:15+08:00 ] 127.0.0.1 /wechat.php?s=/Activity/detail/id/1.html
INFO: [ app_init ] --START--
INFO: Run Behavior\BuildLiteBehavior [ RunTime:0.000511s ]
INFO: Run Common\Behavior\InitHookBehavior [ RunTime:0.008382s ]
INFO: [ app_init ] --END-- [ RunTime:0.013455s ]
INFO: [ app_begin ] --START--
INFO: Run Behavior\ReadHtmlCacheBehavior [ RunTime:0.002097s ]
INFO: [ app_begin ] --END-- [ RunTime:0.004588s ]
SQL: SHOW COLUMNS FROM `onethink_config` [ RunTime:0.0039s ]
SQL: SELECT `type`,`name`,`value` FROM `onethink_config` WHERE `status` = 1  [ RunTime:0.0015s ]

[ 2017-07-30T14:05:24+08:00 ] 127.0.0.1 /wechat.php?s=/Sole/index.html
INFO: [ app_init ] --START--
INFO: Run Behavior\BuildLiteBehavior [ RunTime:0.000405s ]
INFO: Run Common\Behavior\InitHookBehavior [ RunTime:0.007047s ]
INFO: [ app_init ] --END-- [ RunTime:0.011995s ]
INFO: [ app_begin ] --START--
INFO: Run Behavior\ReadHtmlCacheBehavior [ RunTime:0.001978s ]
INFO: [ app_begin ] --END-- [ RunTime:0.004424s ]
SQL: SHOW COLUMNS FROM `onethink_config` [ RunTime:0.0079s ]
SQL: SELECT `type`,`name`,`value` FROM `onethink_config` WHERE `status` = 1  [ RunTime:0.0010s ]

[ 2017-07-30T14:05:25+08:00 ] 127.0.0.1 /wechat.php?s=/Sole/content/id/2.html
INFO: [ app_init ] --START--
INFO: Run Behavior\BuildLiteBehavior [ RunTime:0.000647s ]
INFO: Run Common\Behavior\InitHookBehavior [ RunTime:0.007426s ]
INFO: [ app_init ] --END-- [ RunTime:0.013445s ]
INFO: [ app_begin ] --START--
INFO: Run Behavior\ReadHtmlCacheBehavior [ RunTime:0.002049s ]
INFO: [ app_begin ] --END-- [ RunTime:0.004813s ]
SQL: SHOW COLUMNS FROM `onethink_config` [ RunTime:0.0049s ]
SQL: SELECT `type`,`name`,`value` FROM `onethink_config` WHERE `status` = 1  [ RunTime:0.0007s ]

