[ 2017-07-12T11:25:19+08:00 ] 127.0.0.1 /wechat.php
INFO: [ app_init ] --START--
INFO: Run Behavior\BuildLiteBehavior [ RunTime:0.000429s ]
INFO: Run Common\Behavior\InitHookBehavior [ RunTime:0.010048s ]
INFO: [ app_init ] --END-- [ RunTime:0.017201s ]
INFO: [ app_begin ] --START--
INFO: Run Behavior\ReadHtmlCacheBehavior [ RunTime:0.009897s ]
INFO: [ app_begin ] --END-- [ RunTime:0.012687s ]
SQL: SHOW COLUMNS FROM `onethink_config` [ RunTime:0.0069s ]
SQL: SELECT `type`,`name`,`value` FROM `onethink_config` WHERE `status` = 1  [ RunTime:0.0011s ]

[ 2017-07-12T11:30:05+08:00 ] 127.0.0.1 /wechat.php?s=/Document/index.html
INFO: [ app_init ] --START--
INFO: Run Behavior\BuildLiteBehavior [ RunTime:0.000429s ]
INFO: Run Common\Behavior\InitHookBehavior [ RunTime:0.008992s ]
INFO: [ app_init ] --END-- [ RunTime:0.013561s ]
INFO: [ app_begin ] --START--
INFO: Run Behavior\ReadHtmlCacheBehavior [ RunTime:0.002136s ]
INFO: [ app_begin ] --END-- [ RunTime:0.004670s ]
SQL: SHOW COLUMNS FROM `onethink_config` [ RunTime:0.0036s ]
SQL: SELECT `type`,`name`,`value` FROM `onethink_config` WHERE `status` = 1  [ RunTime:0.0008s ]

[ 2017-07-12T11:30:15+08:00 ] 127.0.0.1 /wechat.php?s=/Activity/detail/id/6.html
INFO: [ app_init ] --START--
INFO: Run Behavior\BuildLiteBehavior [ RunTime:0.000766s ]
INFO: Run Common\Behavior\InitHookBehavior [ RunTime:0.008484s ]
INFO: [ app_init ] --END-- [ RunTime:0.013934s ]
INFO: [ app_begin ] --START--
INFO: Run Behavior\ReadHtmlCacheBehavior [ RunTime:0.002044s ]
INFO: [ app_begin ] --END-- [ RunTime:0.004552s ]
SQL: SHOW COLUMNS FROM `onethink_config` [ RunTime:0.0042s ]
SQL: SELECT `type`,`name`,`value` FROM `onethink_config` WHERE `status` = 1  [ RunTime:0.0018s ]

[ 2017-07-12T11:30:25+08:00 ] 127.0.0.1 /wechat.php?s=/Activity/detail/id/2.html
INFO: [ app_init ] --START--
INFO: Run Behavior\BuildLiteBehavior [ RunTime:0.000438s ]
INFO: Run Common\Behavior\InitHookBehavior [ RunTime:0.006844s ]
INFO: [ app_init ] --END-- [ RunTime:0.011237s ]
INFO: [ app_begin ] --START--
INFO: Run Behavior\ReadHtmlCacheBehavior [ RunTime:0.002876s ]
INFO: [ app_begin ] --END-- [ RunTime:0.005684s ]
SQL: SHOW COLUMNS FROM `onethink_config` [ RunTime:0.0056s ]
SQL: SELECT `type`,`name`,`value` FROM `onethink_config` WHERE `status` = 1  [ RunTime:0.0008s ]

[ 2017-07-12T11:30:31+08:00 ] 127.0.0.1 /wechat.php?s=/Sole/index.html
INFO: [ app_init ] --START--
INFO: Run Behavior\BuildLiteBehavior [ RunTime:0.000434s ]
INFO: Run Common\Behavior\InitHookBehavior [ RunTime:0.009405s ]
INFO: [ app_init ] --END-- [ RunTime:0.013880s ]
INFO: [ app_begin ] --START--
INFO: Run Behavior\ReadHtmlCacheBehavior [ RunTime:0.002051s ]
INFO: [ app_begin ] --END-- [ RunTime:0.004388s ]
SQL: SHOW COLUMNS FROM `onethink_config` [ RunTime:0.0040s ]
SQL: SELECT `type`,`name`,`value` FROM `onethink_config` WHERE `status` = 1  [ RunTime:0.0008s ]

[ 2017-07-12T11:30:33+08:00 ] 127.0.0.1 /wechat.php?s=/Sole/content/id/2.html
INFO: [ app_init ] --START--
INFO: Run Behavior\BuildLiteBehavior [ RunTime:0.000413s ]
INFO: Run Common\Behavior\InitHookBehavior [ RunTime:0.007647s ]
INFO: [ app_init ] --END-- [ RunTime:0.013710s ]
INFO: [ app_begin ] --START--
INFO: Run Behavior\ReadHtmlCacheBehavior [ RunTime:0.002075s ]
INFO: [ app_begin ] --END-- [ RunTime:0.004615s ]
SQL: SHOW COLUMNS FROM `onethink_config` [ RunTime:0.0063s ]
SQL: SELECT `type`,`name`,`value` FROM `onethink_config` WHERE `status` = 1  [ RunTime:0.0008s ]

[ 2017-07-12T11:49:52+08:00 ] 127.0.0.1 /wechat.php?s=/Index/my.html
INFO: [ app_init ] --START--
INFO: Run Behavior\BuildLiteBehavior [ RunTime:0.000515s ]
INFO: Run Common\Behavior\InitHookBehavior [ RunTime:0.007902s ]
INFO: [ app_init ] --END-- [ RunTime:0.014422s ]
INFO: [ app_begin ] --START--
INFO: Run Behavior\ReadHtmlCacheBehavior [ RunTime:0.002225s ]
INFO: [ app_begin ] --END-- [ RunTime:0.004871s ]
SQL: SHOW COLUMNS FROM `onethink_config` [ RunTime:0.0040s ]
SQL: SELECT `type`,`name`,`value` FROM `onethink_config` WHERE `status` = 1  [ RunTime:0.0008s ]

[ 2017-07-12T11:49:55+08:00 ] 127.0.0.1 /wechat.php?s=/User/login.html
INFO: [ app_init ] --START--
INFO: Run Behavior\BuildLiteBehavior [ RunTime:0.000655s ]
INFO: Run Common\Behavior\InitHookBehavior [ RunTime:0.010438s ]
INFO: [ app_init ] --END-- [ RunTime:0.016928s ]
INFO: [ app_begin ] --START--
NOTIC: [8] Undefined index: index D:\php\thinkphp\onethink-master\wwwroot\ThinkPHP\Library\Behavior\ReadHtmlCacheBehavior.class.php 第 81 行.
INFO: Run Behavior\ReadHtmlCacheBehavior [ RunTime:0.011011s ]
INFO: [ app_begin ] --END-- [ RunTime:0.013855s ]
INFO: [ view_parse ] --START--
INFO: [ template_filter ] --START--
INFO: Run Behavior\ContentReplaceBehavior [ RunTime:0.001459s ]
INFO: [ template_filter ] --END-- [ RunTime:0.003955s ]
INFO: Run Behavior\ParseTemplateBehavior [ RunTime:0.062436s ]
INFO: [ view_parse ] --END-- [ RunTime:0.065076s ]
INFO: [ view_filter ] --START--
INFO: Run Behavior\WriteHtmlCacheBehavior [ RunTime:0.002951s ]
INFO: [ view_filter ] --END-- [ RunTime:0.005487s ]
INFO: [ app_end ] --START--
INFO: Run Behavior\ShowPageTraceBehavior [ RunTime:0.001711s ]
INFO: [ app_end ] --END-- [ RunTime:0.004066s ]

[ 2017-07-12T11:49:55+08:00 ] 127.0.0.1 /wechat.php?s=/User/verify.html
INFO: [ app_init ] --START--
INFO: Run Behavior\BuildLiteBehavior [ RunTime:0.000450s ]
INFO: Run Common\Behavior\InitHookBehavior [ RunTime:0.010912s ]
INFO: [ app_init ] --END-- [ RunTime:0.016725s ]
INFO: [ app_begin ] --START--
INFO: Run Behavior\ReadHtmlCacheBehavior [ RunTime:0.003412s ]
INFO: [ app_begin ] --END-- [ RunTime:0.008301s ]
INFO: [ app_end ] --START--
INFO: Run Behavior\ShowPageTraceBehavior [ RunTime:0.001835s ]
INFO: [ app_end ] --END-- [ RunTime:0.004565s ]

