[ 2017-07-11T09:07:21+08:00 ] 127.0.0.1 /admin.php
INFO: [ app_init ] --START--
INFO: Run Behavior\BuildLiteBehavior [ RunTime:0.000494s ]
INFO: Run Common\Behavior\InitHookBehavior [ RunTime:0.008900s ]
INFO: [ app_init ] --END-- [ RunTime:0.013454s ]
INFO: [ app_begin ] --START--
INFO: Run Behavior\ReadHtmlCacheBehavior [ RunTime:0.003005s ]
INFO: [ app_begin ] --END-- [ RunTime:0.005412s ]

[ 2017-07-11T09:07:21+08:00 ] 127.0.0.1 /admin.php?s=/Public/login.html
INFO: [ app_init ] --START--
INFO: Run Behavior\BuildLiteBehavior [ RunTime:0.000419s ]
INFO: Run Common\Behavior\InitHookBehavior [ RunTime:0.007837s ]
INFO: [ app_init ] --END-- [ RunTime:0.012630s ]
INFO: [ app_begin ] --START--
INFO: Run Behavior\ReadHtmlCacheBehavior [ RunTime:0.001487s ]
INFO: [ app_begin ] --END-- [ RunTime:0.003869s ]

[ 2017-07-11T09:07:22+08:00 ] 127.0.0.1 /admin.php?s=/Public/verify.html
INFO: [ app_init ] --START--
INFO: Run Behavior\BuildLiteBehavior [ RunTime:0.001073s ]
INFO: Run Common\Behavior\InitHookBehavior [ RunTime:0.009967s ]
INFO: [ app_init ] --END-- [ RunTime:0.018477s ]
INFO: [ app_begin ] --START--
INFO: Run Behavior\ReadHtmlCacheBehavior [ RunTime:0.001520s ]
INFO: [ app_begin ] --END-- [ RunTime:0.003860s ]
INFO: [ app_end ] --START--
INFO: Run Behavior\ShowPageTraceBehavior [ RunTime:0.001718s ]
INFO: [ app_end ] --END-- [ RunTime:0.004158s ]

[ 2017-07-11T09:07:26+08:00 ] 127.0.0.1 /admin.php?s=/Public/login.html
INFO: [ app_init ] --START--
INFO: Run Behavior\BuildLiteBehavior [ RunTime:0.000443s ]
INFO: Run Common\Behavior\InitHookBehavior [ RunTime:0.006887s ]
INFO: [ app_init ] --END-- [ RunTime:0.012524s ]
INFO: [ app_begin ] --START--
INFO: Run Behavior\ReadHtmlCacheBehavior [ RunTime:0.001213s ]
INFO: [ app_begin ] --END-- [ RunTime:0.004557s ]
SQL: SHOW COLUMNS FROM `onethink_member` [ RunTime:0.0065s ]
SQL: SELECT `uid`,`nickname`,`sex`,`birthday`,`qq`,`score`,`login`,`reg_ip`,`reg_time`,`last_login_ip`,`last_login_time`,`status` FROM `onethink_member` WHERE `uid` = 1 LIMIT 1   [ RunTime:0.0007s ]
SQL: SHOW COLUMNS FROM `onethink_action` [ RunTime:0.0063s ]
SQL: SELECT * FROM `onethink_action` WHERE `name` = 'user_login' LIMIT 1   [ RunTime:0.0011s ]
SQL: SHOW COLUMNS FROM `onethink_action_log` [ RunTime:0.0062s ]
SQL: INSERT INTO `onethink_action_log` (`action_id`,`user_id`,`action_ip`,`model`,`record_id`,`create_time`,`remark`) VALUES ('1','1','2130706433','member','1','1499735246','hjl在2017-07-11 09:07登录了后台') [ RunTime:0.0024s ]
SQL: SELECT * FROM `onethink_action` WHERE `name` = 'user_login' LIMIT 1   [ RunTime:0.0007s ]
NOTIC: [8] Undefined offset: 1 D:\php\thinkphp\onethink-master\wwwroot\Application\Common\Common\function.php 第 679 行.
NOTIC: [2] array_key_exists() expects parameter 2 to be array, null given D:\php\thinkphp\onethink-master\wwwroot\Application\Common\Common\function.php 第 679 行.
SQL: SELECT COUNT(*) AS tp_count FROM `onethink_action_log` WHERE `action_id` = 1 AND `user_id` = 1 AND `create_time` > 1499648846 LIMIT 1   [ RunTime:0.0050s ]
SQL: UPDATE `onethink_member` SET `login`=`login`+1,`last_login_time`='1499735246',`last_login_ip`='2130706433' WHERE `uid` = 1 [ RunTime:0.0016s ]

[ 2017-07-11T09:07:30+08:00 ] 127.0.0.1 /admin.php?s=/Index/index.html
INFO: [ app_init ] --START--
INFO: Run Behavior\BuildLiteBehavior [ RunTime:0.000406s ]
INFO: Run Common\Behavior\InitHookBehavior [ RunTime:0.008061s ]
INFO: [ app_init ] --END-- [ RunTime:0.012359s ]
INFO: [ app_begin ] --START--
INFO: Run Behavior\ReadHtmlCacheBehavior [ RunTime:0.001513s ]
INFO: [ app_begin ] --END-- [ RunTime:0.003934s ]

[ 2017-07-11T09:07:33+08:00 ] 127.0.0.1 /admin.php?s=/Sole/index.html
INFO: [ app_init ] --START--
INFO: Run Behavior\BuildLiteBehavior [ RunTime:0.000412s ]
INFO: Run Common\Behavior\InitHookBehavior [ RunTime:0.007564s ]
INFO: [ app_init ] --END-- [ RunTime:0.013275s ]
INFO: [ app_begin ] --START--
INFO: Run Behavior\ReadHtmlCacheBehavior [ RunTime:0.001457s ]
INFO: [ app_begin ] --END-- [ RunTime:0.003834s ]

[ 2017-07-11T09:07:46+08:00 ] 127.0.0.1 /admin.php?s=/Wactivity/index.html
INFO: [ app_init ] --START--
INFO: Run Behavior\BuildLiteBehavior [ RunTime:0.000700s ]
INFO: Run Common\Behavior\InitHookBehavior [ RunTime:0.008491s ]
INFO: [ app_init ] --END-- [ RunTime:0.013646s ]
INFO: [ app_begin ] --START--
INFO: Run Behavior\ReadHtmlCacheBehavior [ RunTime:0.001479s ]
INFO: [ app_begin ] --END-- [ RunTime:0.003842s ]

[ 2017-07-11T09:07:50+08:00 ] 127.0.0.1 /admin.php?s=/Wactivity/status/id/12.html
INFO: [ app_init ] --START--
INFO: Run Behavior\BuildLiteBehavior [ RunTime:0.000457s ]
INFO: Run Common\Behavior\InitHookBehavior [ RunTime:0.008150s ]
INFO: [ app_init ] --END-- [ RunTime:0.012711s ]
INFO: [ app_begin ] --START--
INFO: Run Behavior\ReadHtmlCacheBehavior [ RunTime:0.001578s ]
INFO: [ app_begin ] --END-- [ RunTime:0.003825s ]

[ 2017-07-11T09:13:15+08:00 ] 127.0.0.1 /admin.php?s=/Wactivity/index.html
INFO: [ app_init ] --START--
INFO: Run Behavior\BuildLiteBehavior [ RunTime:0.000461s ]
INFO: Run Common\Behavior\InitHookBehavior [ RunTime:0.009539s ]
INFO: [ app_init ] --END-- [ RunTime:0.014125s ]
INFO: [ app_begin ] --START--
INFO: Run Behavior\ReadHtmlCacheBehavior [ RunTime:0.001607s ]
INFO: [ app_begin ] --END-- [ RunTime:0.004053s ]

[ 2017-07-11T09:13:20+08:00 ] 127.0.0.1 /admin.php?s=/Wactivity/index.html
INFO: [ app_init ] --START--
INFO: Run Behavior\BuildLiteBehavior [ RunTime:0.000395s ]
INFO: Run Common\Behavior\InitHookBehavior [ RunTime:0.008345s ]
INFO: [ app_init ] --END-- [ RunTime:0.012769s ]
INFO: [ app_begin ] --START--
INFO: Run Behavior\ReadHtmlCacheBehavior [ RunTime:0.001528s ]
INFO: [ app_begin ] --END-- [ RunTime:0.003893s ]

[ 2017-07-11T09:13:22+08:00 ] 127.0.0.1 /admin.php?s=/Public/logout.html
INFO: [ app_init ] --START--
INFO: Run Behavior\BuildLiteBehavior [ RunTime:0.000640s ]
INFO: Run Common\Behavior\InitHookBehavior [ RunTime:0.007259s ]
INFO: [ app_init ] --END-- [ RunTime:0.014303s ]
INFO: [ app_begin ] --START--
INFO: Run Behavior\ReadHtmlCacheBehavior [ RunTime:0.001706s ]
INFO: [ app_begin ] --END-- [ RunTime:0.004386s ]
SQL: SHOW COLUMNS FROM `onethink_member` [ RunTime:0.0064s ]
INFO: [ view_parse ] --START--
INFO: [ template_filter ] --START--
INFO: Run Behavior\ContentReplaceBehavior [ RunTime:0.001349s ]
INFO: [ template_filter ] --END-- [ RunTime:0.003829s ]
INFO: Run Behavior\ParseTemplateBehavior [ RunTime:0.032963s ]
INFO: [ view_parse ] --END-- [ RunTime:0.035309s ]
INFO: [ view_filter ] --START--
INFO: Run Behavior\WriteHtmlCacheBehavior [ RunTime:0.001383s ]
INFO: [ view_filter ] --END-- [ RunTime:0.003823s ]
INFO: [ app_end ] --START--
INFO: Run Behavior\ShowPageTraceBehavior [ RunTime:0.001840s ]
INFO: [ app_end ] --END-- [ RunTime:0.004334s ]

[ 2017-07-11T09:13:23+08:00 ] 127.0.0.1 /admin.php?s=/Public/login.html
INFO: [ app_init ] --START--
INFO: Run Behavior\BuildLiteBehavior [ RunTime:0.000573s ]
INFO: Run Common\Behavior\InitHookBehavior [ RunTime:0.009769s ]
INFO: [ app_init ] --END-- [ RunTime:0.015758s ]
INFO: [ app_begin ] --START--
INFO: Run Behavior\ReadHtmlCacheBehavior [ RunTime:0.002035s ]
INFO: [ app_begin ] --END-- [ RunTime:0.005274s ]

[ 2017-07-11T09:13:23+08:00 ] 127.0.0.1 /admin.php?s=/Public/verify.html
INFO: [ app_init ] --START--
INFO: Run Behavior\BuildLiteBehavior [ RunTime:0.000412s ]
INFO: Run Common\Behavior\InitHookBehavior [ RunTime:0.007357s ]
INFO: [ app_init ] --END-- [ RunTime:0.013287s ]
INFO: [ app_begin ] --START--
INFO: Run Behavior\ReadHtmlCacheBehavior [ RunTime:0.002722s ]
INFO: [ app_begin ] --END-- [ RunTime:0.006140s ]
INFO: [ app_end ] --START--
INFO: Run Behavior\ShowPageTraceBehavior [ RunTime:0.001821s ]
INFO: [ app_end ] --END-- [ RunTime:0.005641s ]

[ 2017-07-11T09:13:29+08:00 ] 127.0.0.1 /admin.php?s=/Public/verify.html&random=0.5486023082526723
INFO: [ app_init ] --START--
INFO: Run Behavior\BuildLiteBehavior [ RunTime:0.000478s ]
INFO: Run Common\Behavior\InitHookBehavior [ RunTime:0.008405s ]
INFO: [ app_init ] --END-- [ RunTime:0.013080s ]
INFO: [ app_begin ] --START--
INFO: Run Behavior\ReadHtmlCacheBehavior [ RunTime:0.001437s ]
INFO: [ app_begin ] --END-- [ RunTime:0.003762s ]
INFO: [ app_end ] --START--
INFO: Run Behavior\ShowPageTraceBehavior [ RunTime:0.001832s ]
INFO: [ app_end ] --END-- [ RunTime:0.004418s ]

[ 2017-07-11T09:13:34+08:00 ] 127.0.0.1 /admin.php?s=/Public/login.html
INFO: [ app_init ] --START--
INFO: Run Behavior\BuildLiteBehavior [ RunTime:0.000435s ]
INFO: Run Common\Behavior\InitHookBehavior [ RunTime:0.007999s ]
INFO: [ app_init ] --END-- [ RunTime:0.012943s ]
INFO: [ app_begin ] --START--
INFO: Run Behavior\ReadHtmlCacheBehavior [ RunTime:0.001333s ]
INFO: [ app_begin ] --END-- [ RunTime:0.003207s ]
SQL: SHOW COLUMNS FROM `onethink_member` [ RunTime:0.0050s ]
SQL: SELECT `uid`,`nickname`,`sex`,`birthday`,`qq`,`score`,`login`,`reg_ip`,`reg_time`,`last_login_ip`,`last_login_time`,`status` FROM `onethink_member` WHERE `uid` = 1 LIMIT 1   [ RunTime:0.0008s ]
SQL: SHOW COLUMNS FROM `onethink_action` [ RunTime:0.0049s ]
SQL: SELECT * FROM `onethink_action` WHERE `name` = 'user_login' LIMIT 1   [ RunTime:0.0007s ]
SQL: SHOW COLUMNS FROM `onethink_action_log` [ RunTime:0.0051s ]
SQL: INSERT INTO `onethink_action_log` (`action_id`,`user_id`,`action_ip`,`model`,`record_id`,`create_time`,`remark`) VALUES ('1','1','2130706433','member','1','1499735613','hjl在2017-07-11 09:13登录了后台') [ RunTime:0.0015s ]
SQL: SELECT * FROM `onethink_action` WHERE `name` = 'user_login' LIMIT 1   [ RunTime:0.0007s ]
NOTIC: [8] Undefined offset: 1 D:\php\thinkphp\onethink-master\wwwroot\Application\Common\Common\function.php 第 679 行.
NOTIC: [2] array_key_exists() expects parameter 2 to be array, null given D:\php\thinkphp\onethink-master\wwwroot\Application\Common\Common\function.php 第 679 行.
SQL: SELECT COUNT(*) AS tp_count FROM `onethink_action_log` WHERE `action_id` = 1 AND `user_id` = 1 AND `create_time` > 1499649213 LIMIT 1   [ RunTime:0.0007s ]
SQL: UPDATE `onethink_member` SET `login`=`login`+1,`last_login_time`='1499735613',`last_login_ip`='2130706433' WHERE `uid` = 1 [ RunTime:0.0009s ]

[ 2017-07-11T09:13:35+08:00 ] 127.0.0.1 /admin.php?s=/Index/index.html
INFO: [ app_init ] --START--
INFO: Run Behavior\BuildLiteBehavior [ RunTime:0.000441s ]
INFO: Run Common\Behavior\InitHookBehavior [ RunTime:0.008985s ]
INFO: [ app_init ] --END-- [ RunTime:0.013669s ]
INFO: [ app_begin ] --START--
INFO: Run Behavior\ReadHtmlCacheBehavior [ RunTime:0.001727s ]
INFO: [ app_begin ] --END-- [ RunTime:0.004188s ]

[ 2017-07-11T09:13:37+08:00 ] 127.0.0.1 /admin.php?s=/Sole/index.html
INFO: [ app_init ] --START--
INFO: Run Behavior\BuildLiteBehavior [ RunTime:0.000410s ]
INFO: Run Common\Behavior\InitHookBehavior [ RunTime:0.008733s ]
INFO: [ app_init ] --END-- [ RunTime:0.014185s ]
INFO: [ app_begin ] --START--
INFO: Run Behavior\ReadHtmlCacheBehavior [ RunTime:0.001540s ]
INFO: [ app_begin ] --END-- [ RunTime:0.004115s ]

[ 2017-07-11T09:13:39+08:00 ] 127.0.0.1 /admin.php?s=/Wactivity/index.html
INFO: [ app_init ] --START--
INFO: Run Behavior\BuildLiteBehavior [ RunTime:0.000448s ]
INFO: Run Common\Behavior\InitHookBehavior [ RunTime:0.007618s ]
INFO: [ app_init ] --END-- [ RunTime:0.012024s ]
INFO: [ app_begin ] --START--
INFO: Run Behavior\ReadHtmlCacheBehavior [ RunTime:0.001718s ]
INFO: [ app_begin ] --END-- [ RunTime:0.004201s ]

[ 2017-07-11T09:13:44+08:00 ] 127.0.0.1 /admin.php?s=/Wactivity/index.html
INFO: [ app_init ] --START--
INFO: Run Behavior\BuildLiteBehavior [ RunTime:0.000658s ]
INFO: Run Common\Behavior\InitHookBehavior [ RunTime:0.007335s ]
INFO: [ app_init ] --END-- [ RunTime:0.013757s ]
INFO: [ app_begin ] --START--
INFO: Run Behavior\ReadHtmlCacheBehavior [ RunTime:0.001634s ]
INFO: [ app_begin ] --END-- [ RunTime:0.004140s ]

[ 2017-07-11T09:17:05+08:00 ] 127.0.0.1 /admin.php?s=/Wactivity/index.html
INFO: [ app_init ] --START--
INFO: Run Behavior\BuildLiteBehavior [ RunTime:0.000484s ]
INFO: Run Common\Behavior\InitHookBehavior [ RunTime:0.007814s ]
INFO: [ app_init ] --END-- [ RunTime:0.013461s ]
INFO: [ app_begin ] --START--
INFO: Run Behavior\ReadHtmlCacheBehavior [ RunTime:0.001714s ]
INFO: [ app_begin ] --END-- [ RunTime:0.004349s ]

[ 2017-07-11T09:17:06+08:00 ] 127.0.0.1 /admin.php?s=/Wactivity/index.html
INFO: [ app_init ] --START--
INFO: Run Behavior\BuildLiteBehavior [ RunTime:0.000414s ]
INFO: Run Common\Behavior\InitHookBehavior [ RunTime:0.007014s ]
INFO: [ app_init ] --END-- [ RunTime:0.011925s ]
INFO: [ app_begin ] --START--
INFO: Run Behavior\ReadHtmlCacheBehavior [ RunTime:0.001537s ]
INFO: [ app_begin ] --END-- [ RunTime:0.003842s ]

[ 2017-07-11T09:17:08+08:00 ] 127.0.0.1 /admin.php?s=/Public/logout.html
INFO: [ app_init ] --START--
INFO: Run Behavior\BuildLiteBehavior [ RunTime:0.000411s ]
INFO: Run Common\Behavior\InitHookBehavior [ RunTime:0.007687s ]
INFO: [ app_init ] --END-- [ RunTime:0.012141s ]
INFO: [ app_begin ] --START--
INFO: Run Behavior\ReadHtmlCacheBehavior [ RunTime:0.001728s ]
INFO: [ app_begin ] --END-- [ RunTime:0.005546s ]
SQL: SHOW COLUMNS FROM `onethink_member` [ RunTime:0.0048s ]
INFO: [ view_parse ] --START--
INFO: [ template_filter ] --START--
INFO: Run Behavior\ContentReplaceBehavior [ RunTime:0.001334s ]
INFO: [ template_filter ] --END-- [ RunTime:0.003871s ]
INFO: Run Behavior\ParseTemplateBehavior [ RunTime:0.048606s ]
INFO: [ view_parse ] --END-- [ RunTime:0.053547s ]
INFO: [ view_filter ] --START--
INFO: Run Behavior\WriteHtmlCacheBehavior [ RunTime:0.001416s ]
INFO: [ view_filter ] --END-- [ RunTime:0.003896s ]
INFO: [ app_end ] --START--
INFO: Run Behavior\ShowPageTraceBehavior [ RunTime:0.001593s ]
INFO: [ app_end ] --END-- [ RunTime:0.003879s ]

[ 2017-07-11T09:17:09+08:00 ] 127.0.0.1 /admin.php?s=/Public/login.html
INFO: [ app_init ] --START--
INFO: Run Behavior\BuildLiteBehavior [ RunTime:0.000454s ]
INFO: Run Common\Behavior\InitHookBehavior [ RunTime:0.007786s ]
INFO: [ app_init ] --END-- [ RunTime:0.012692s ]
INFO: [ app_begin ] --START--
INFO: Run Behavior\ReadHtmlCacheBehavior [ RunTime:0.001428s ]
INFO: [ app_begin ] --END-- [ RunTime:0.003797s ]

[ 2017-07-11T09:17:09+08:00 ] 127.0.0.1 /admin.php?s=/Public/verify.html
INFO: [ app_init ] --START--
INFO: Run Behavior\BuildLiteBehavior [ RunTime:0.000412s ]
INFO: Run Common\Behavior\InitHookBehavior [ RunTime:0.011134s ]
INFO: [ app_init ] --END-- [ RunTime:0.017179s ]
INFO: [ app_begin ] --START--
INFO: Run Behavior\ReadHtmlCacheBehavior [ RunTime:0.001550s ]
INFO: [ app_begin ] --END-- [ RunTime:0.004151s ]
INFO: [ app_end ] --START--
INFO: Run Behavior\ShowPageTraceBehavior [ RunTime:0.001612s ]
INFO: [ app_end ] --END-- [ RunTime:0.003995s ]

[ 2017-07-11T09:17:14+08:00 ] 127.0.0.1 /admin.php?s=/Public/login.html
INFO: [ app_init ] --START--
INFO: Run Behavior\BuildLiteBehavior [ RunTime:0.000413s ]
INFO: Run Common\Behavior\InitHookBehavior [ RunTime:0.007487s ]
INFO: [ app_init ] --END-- [ RunTime:0.012460s ]
INFO: [ app_begin ] --START--
INFO: Run Behavior\ReadHtmlCacheBehavior [ RunTime:0.001213s ]
INFO: [ app_begin ] --END-- [ RunTime:0.003077s ]
SQL: SHOW COLUMNS FROM `onethink_member` [ RunTime:0.0052s ]
SQL: SELECT `uid`,`nickname`,`sex`,`birthday`,`qq`,`score`,`login`,`reg_ip`,`reg_time`,`last_login_ip`,`last_login_time`,`status` FROM `onethink_member` WHERE `uid` = 1 LIMIT 1   [ RunTime:0.0007s ]
SQL: SHOW COLUMNS FROM `onethink_action` [ RunTime:0.0053s ]
SQL: SELECT * FROM `onethink_action` WHERE `name` = 'user_login' LIMIT 1   [ RunTime:0.0007s ]
SQL: SHOW COLUMNS FROM `onethink_action_log` [ RunTime:0.0055s ]
SQL: INSERT INTO `onethink_action_log` (`action_id`,`user_id`,`action_ip`,`model`,`record_id`,`create_time`,`remark`) VALUES ('1','1','2130706433','member','1','1499735834','hjl在2017-07-11 09:17登录了后台') [ RunTime:0.0021s ]
SQL: SELECT * FROM `onethink_action` WHERE `name` = 'user_login' LIMIT 1   [ RunTime:0.0011s ]
NOTIC: [8] Undefined offset: 1 D:\php\thinkphp\onethink-master\wwwroot\Application\Common\Common\function.php 第 679 行.
NOTIC: [2] array_key_exists() expects parameter 2 to be array, null given D:\php\thinkphp\onethink-master\wwwroot\Application\Common\Common\function.php 第 679 行.
SQL: SELECT COUNT(*) AS tp_count FROM `onethink_action_log` WHERE `action_id` = 1 AND `user_id` = 1 AND `create_time` > 1499649434 LIMIT 1   [ RunTime:0.0008s ]
SQL: UPDATE `onethink_member` SET `login`=`login`+1,`last_login_time`='1499735834',`last_login_ip`='2130706433' WHERE `uid` = 1 [ RunTime:0.0008s ]

[ 2017-07-11T09:17:20+08:00 ] 127.0.0.1 /admin.php?s=/Index/index.html
INFO: [ app_init ] --START--
INFO: Run Behavior\BuildLiteBehavior [ RunTime:0.000412s ]
INFO: Run Common\Behavior\InitHookBehavior [ RunTime:0.008148s ]
INFO: [ app_init ] --END-- [ RunTime:0.012484s ]
INFO: [ app_begin ] --START--
INFO: Run Behavior\ReadHtmlCacheBehavior [ RunTime:0.001557s ]
INFO: [ app_begin ] --END-- [ RunTime:0.004234s ]

[ 2017-07-11T09:17:20+08:00 ] 127.0.0.1 /admin.php?s=/Public/login.html
INFO: [ app_init ] --START--
INFO: Run Behavior\BuildLiteBehavior [ RunTime:0.000471s ]
INFO: Run Common\Behavior\InitHookBehavior [ RunTime:0.007950s ]
INFO: [ app_init ] --END-- [ RunTime:0.013274s ]
INFO: [ app_begin ] --START--
INFO: Run Behavior\ReadHtmlCacheBehavior [ RunTime:0.001382s ]
INFO: [ app_begin ] --END-- [ RunTime:0.003247s ]

[ 2017-07-11T09:17:22+08:00 ] 127.0.0.1 /admin.php?s=/Sole/index.html
INFO: [ app_init ] --START--
INFO: Run Behavior\BuildLiteBehavior [ RunTime:0.000427s ]
INFO: Run Common\Behavior\InitHookBehavior [ RunTime:0.007569s ]
INFO: [ app_init ] --END-- [ RunTime:0.012426s ]
INFO: [ app_begin ] --START--
INFO: Run Behavior\ReadHtmlCacheBehavior [ RunTime:0.001492s ]
INFO: [ app_begin ] --END-- [ RunTime:0.004417s ]

[ 2017-07-11T09:17:25+08:00 ] 127.0.0.1 /admin.php?s=/Wactivity/index.html
INFO: [ app_init ] --START--
INFO: Run Behavior\BuildLiteBehavior [ RunTime:0.000411s ]
INFO: Run Common\Behavior\InitHookBehavior [ RunTime:0.008231s ]
INFO: [ app_init ] --END-- [ RunTime:0.012618s ]
INFO: [ app_begin ] --START--
INFO: Run Behavior\ReadHtmlCacheBehavior [ RunTime:0.001436s ]
INFO: [ app_begin ] --END-- [ RunTime:0.003803s ]

[ 2017-07-11T09:17:28+08:00 ] 127.0.0.1 /admin.php?s=/Wactivity/status/id/3.html
INFO: [ app_init ] --START--
INFO: Run Behavior\BuildLiteBehavior [ RunTime:0.000408s ]
INFO: Run Common\Behavior\InitHookBehavior [ RunTime:0.009465s ]
INFO: [ app_init ] --END-- [ RunTime:0.013811s ]
INFO: [ app_begin ] --START--
INFO: Run Behavior\ReadHtmlCacheBehavior [ RunTime:0.001670s ]
INFO: [ app_begin ] --END-- [ RunTime:0.004236s ]

[ 2017-07-11T09:44:47+08:00 ] 127.0.0.1 /admin.php?s=/Wactivity/index.html
INFO: [ app_init ] --START--
INFO: Run Behavior\BuildLiteBehavior [ RunTime:0.000446s ]
INFO: Run Common\Behavior\InitHookBehavior [ RunTime:0.007451s ]
INFO: [ app_init ] --END-- [ RunTime:0.011928s ]
INFO: [ app_begin ] --START--
INFO: Run Behavior\ReadHtmlCacheBehavior [ RunTime:0.001585s ]
INFO: [ app_begin ] --END-- [ RunTime:0.004246s ]

[ 2017-07-11T09:44:50+08:00 ] 127.0.0.1 /admin.php?s=/Wactivity/index.html
INFO: [ app_init ] --START--
INFO: Run Behavior\BuildLiteBehavior [ RunTime:0.000427s ]
INFO: Run Common\Behavior\InitHookBehavior [ RunTime:0.008276s ]
INFO: [ app_init ] --END-- [ RunTime:0.013153s ]
INFO: [ app_begin ] --START--
INFO: Run Behavior\ReadHtmlCacheBehavior [ RunTime:0.001745s ]
INFO: [ app_begin ] --END-- [ RunTime:0.004275s ]

[ 2017-07-11T09:44:52+08:00 ] 127.0.0.1 /admin.php?s=/Wactivity/index.html
INFO: [ app_init ] --START--
INFO: Run Behavior\BuildLiteBehavior [ RunTime:0.000413s ]
INFO: Run Common\Behavior\InitHookBehavior [ RunTime:0.009086s ]
INFO: [ app_init ] --END-- [ RunTime:0.013371s ]
INFO: [ app_begin ] --START--
INFO: Run Behavior\ReadHtmlCacheBehavior [ RunTime:0.001502s ]
INFO: [ app_begin ] --END-- [ RunTime:0.003812s ]

[ 2017-07-11T09:44:53+08:00 ] 127.0.0.1 /admin.php?s=/Wactivity/index.html
INFO: [ app_init ] --START--
INFO: Run Behavior\BuildLiteBehavior [ RunTime:0.000414s ]
INFO: Run Common\Behavior\InitHookBehavior [ RunTime:0.008551s ]
INFO: [ app_init ] --END-- [ RunTime:0.012814s ]
INFO: [ app_begin ] --START--
INFO: Run Behavior\ReadHtmlCacheBehavior [ RunTime:0.001463s ]
INFO: [ app_begin ] --END-- [ RunTime:0.003763s ]

[ 2017-07-11T09:44:55+08:00 ] 127.0.0.1 /admin.php?s=/Wactivity/index.html
INFO: [ app_init ] --START--
INFO: Run Behavior\BuildLiteBehavior [ RunTime:0.000793s ]
INFO: Run Common\Behavior\InitHookBehavior [ RunTime:0.007285s ]
INFO: [ app_init ] --END-- [ RunTime:0.012906s ]
INFO: [ app_begin ] --START--
INFO: Run Behavior\ReadHtmlCacheBehavior [ RunTime:0.001475s ]
INFO: [ app_begin ] --END-- [ RunTime:0.003722s ]

[ 2017-07-11T10:03:26+08:00 ] 127.0.0.1 /admin.php?s=/Wactivity/index.html
INFO: [ app_init ] --START--
INFO: Run Behavior\BuildLiteBehavior [ RunTime:0.000444s ]
INFO: Run Common\Behavior\InitHookBehavior [ RunTime:0.007443s ]
INFO: [ app_init ] --END-- [ RunTime:0.011946s ]
INFO: [ app_begin ] --START--
INFO: Run Behavior\ReadHtmlCacheBehavior [ RunTime:0.003722s ]
INFO: [ app_begin ] --END-- [ RunTime:0.007205s ]
ERR: 1054:Unknown column 'a.nickname' in 'field list'
 [ SQL语句 ] : SELECT a.nickname,b.title,b.description,b.deadline,a.jiont_time,a.status FROM onethink_jion_activity a INNER JOIN onethink_document b on b.id =a.a_id  

[ 2017-07-11T10:05:23+08:00 ] 127.0.0.1 /admin.php?s=/Wactivity/index.html
INFO: [ app_init ] --START--
INFO: Run Behavior\BuildLiteBehavior [ RunTime:0.000403s ]
INFO: Run Common\Behavior\InitHookBehavior [ RunTime:0.009163s ]
INFO: [ app_init ] --END-- [ RunTime:0.014077s ]
INFO: [ app_begin ] --START--
INFO: Run Behavior\ReadHtmlCacheBehavior [ RunTime:0.001497s ]
INFO: [ app_begin ] --END-- [ RunTime:0.003912s ]
ERR: 1054:Unknown column 'a.nickname' in 'field list'
 [ SQL语句 ] : SELECT a.nickname,b.title,b.description,b.deadline,a.jiont_time,a.status FROM onethink_jion_activity a INNER JOIN onethink_document b on b.id =a.a_id  

[ 2017-07-11T10:06:30+08:00 ] 127.0.0.1 /admin.php?s=/Wactivity/index.html
INFO: [ app_init ] --START--
INFO: Run Behavior\BuildLiteBehavior [ RunTime:0.000450s ]
INFO: Run Common\Behavior\InitHookBehavior [ RunTime:0.010056s ]
INFO: [ app_init ] --END-- [ RunTime:0.014493s ]
INFO: [ app_begin ] --START--
INFO: Run Behavior\ReadHtmlCacheBehavior [ RunTime:0.001569s ]
INFO: [ app_begin ] --END-- [ RunTime:0.005044s ]

[ 2017-07-11T10:06:49+08:00 ] 127.0.0.1 /admin.php?s=/Wactivity/index.html
INFO: [ app_init ] --START--
INFO: Run Behavior\BuildLiteBehavior [ RunTime:0.000417s ]
INFO: Run Common\Behavior\InitHookBehavior [ RunTime:0.008845s ]
INFO: [ app_init ] --END-- [ RunTime:0.014891s ]
INFO: [ app_begin ] --START--
INFO: Run Behavior\ReadHtmlCacheBehavior [ RunTime:0.001833s ]
INFO: [ app_begin ] --END-- [ RunTime:0.004696s ]

[ 2017-07-11T10:07:17+08:00 ] 127.0.0.1 /admin.php?s=/Wactivity/index.html
INFO: [ app_init ] --START--
INFO: Run Behavior\BuildLiteBehavior [ RunTime:0.000424s ]
INFO: Run Common\Behavior\InitHookBehavior [ RunTime:0.007751s ]
INFO: [ app_init ] --END-- [ RunTime:0.013532s ]
INFO: [ app_begin ] --START--
INFO: Run Behavior\ReadHtmlCacheBehavior [ RunTime:0.002098s ]
INFO: [ app_begin ] --END-- [ RunTime:0.006514s ]

[ 2017-07-11T10:07:18+08:00 ] 127.0.0.1 /admin.php?s=/Wactivity/status.html
INFO: [ app_init ] --START--
INFO: Run Behavior\BuildLiteBehavior [ RunTime:0.000413s ]
INFO: Run Common\Behavior\InitHookBehavior [ RunTime:0.009126s ]
INFO: [ app_init ] --END-- [ RunTime:0.013718s ]
INFO: [ app_begin ] --START--
INFO: Run Behavior\ReadHtmlCacheBehavior [ RunTime:0.001550s ]
INFO: [ app_begin ] --END-- [ RunTime:0.003996s ]

[ 2017-07-11T10:07:25+08:00 ] 127.0.0.1 /admin.php?s=/Wactivity/index.html
INFO: [ app_init ] --START--
INFO: Run Behavior\BuildLiteBehavior [ RunTime:0.000424s ]
INFO: Run Common\Behavior\InitHookBehavior [ RunTime:0.010673s ]
INFO: [ app_init ] --END-- [ RunTime:0.015756s ]
INFO: [ app_begin ] --START--
INFO: Run Behavior\ReadHtmlCacheBehavior [ RunTime:0.001587s ]
INFO: [ app_begin ] --END-- [ RunTime:0.004492s ]

[ 2017-07-11T10:07:26+08:00 ] 127.0.0.1 /admin.php?s=/Wactivity/status.html
INFO: [ app_init ] --START--
INFO: Run Behavior\BuildLiteBehavior [ RunTime:0.000437s ]
INFO: Run Common\Behavior\InitHookBehavior [ RunTime:0.009101s ]
INFO: [ app_init ] --END-- [ RunTime:0.013965s ]
INFO: [ app_begin ] --START--
INFO: Run Behavior\ReadHtmlCacheBehavior [ RunTime:0.001505s ]
INFO: [ app_begin ] --END-- [ RunTime:0.004212s ]

[ 2017-07-11T10:07:45+08:00 ] 127.0.0.1 /admin.php?s=/Wactivity/index.html
INFO: [ app_init ] --START--
INFO: Run Behavior\BuildLiteBehavior [ RunTime:0.000439s ]
INFO: Run Common\Behavior\InitHookBehavior [ RunTime:0.008256s ]
INFO: [ app_init ] --END-- [ RunTime:0.012673s ]
INFO: [ app_begin ] --START--
INFO: Run Behavior\ReadHtmlCacheBehavior [ RunTime:0.001685s ]
INFO: [ app_begin ] --END-- [ RunTime:0.004096s ]

[ 2017-07-11T10:07:47+08:00 ] 127.0.0.1 /admin.php?s=/Wactivity/index.html
INFO: [ app_init ] --START--
INFO: Run Behavior\BuildLiteBehavior [ RunTime:0.000412s ]
INFO: Run Common\Behavior\InitHookBehavior [ RunTime:0.006919s ]
INFO: [ app_init ] --END-- [ RunTime:0.011395s ]
INFO: [ app_begin ] --START--
INFO: Run Behavior\ReadHtmlCacheBehavior [ RunTime:0.001490s ]
INFO: [ app_begin ] --END-- [ RunTime:0.004904s ]

[ 2017-07-11T10:07:49+08:00 ] 127.0.0.1 /admin.php?s=/Wactivity/index.html
INFO: [ app_init ] --START--
INFO: Run Behavior\BuildLiteBehavior [ RunTime:0.000465s ]
INFO: Run Common\Behavior\InitHookBehavior [ RunTime:0.007861s ]
INFO: [ app_init ] --END-- [ RunTime:0.012870s ]
INFO: [ app_begin ] --START--
INFO: Run Behavior\ReadHtmlCacheBehavior [ RunTime:0.001535s ]
INFO: [ app_begin ] --END-- [ RunTime:0.003896s ]

[ 2017-07-11T10:08:02+08:00 ] 127.0.0.1 /admin.php?s=/Wactivity/index.html
INFO: [ app_init ] --START--
INFO: Run Behavior\BuildLiteBehavior [ RunTime:0.000415s ]
INFO: Run Common\Behavior\InitHookBehavior [ RunTime:0.008506s ]
INFO: [ app_init ] --END-- [ RunTime:0.013270s ]
INFO: [ app_begin ] --START--
INFO: Run Behavior\ReadHtmlCacheBehavior [ RunTime:0.002204s ]
INFO: [ app_begin ] --END-- [ RunTime:0.005189s ]

[ 2017-07-11T10:08:06+08:00 ] 127.0.0.1 /admin.php?s=/Wactivity/index.html
INFO: [ app_init ] --START--
INFO: Run Behavior\BuildLiteBehavior [ RunTime:0.000400s ]
INFO: Run Common\Behavior\InitHookBehavior [ RunTime:0.009073s ]
INFO: [ app_init ] --END-- [ RunTime:0.013906s ]
INFO: [ app_begin ] --START--
INFO: Run Behavior\ReadHtmlCacheBehavior [ RunTime:0.001734s ]
INFO: [ app_begin ] --END-- [ RunTime:0.004097s ]

[ 2017-07-11T10:08:06+08:00 ] 127.0.0.1 /admin.php?s=/Wactivity/index.html
INFO: [ app_init ] --START--
INFO: Run Behavior\BuildLiteBehavior [ RunTime:0.000461s ]
INFO: Run Common\Behavior\InitHookBehavior [ RunTime:0.010014s ]
INFO: [ app_init ] --END-- [ RunTime:0.014634s ]
INFO: [ app_begin ] --START--
INFO: Run Behavior\ReadHtmlCacheBehavior [ RunTime:0.001548s ]
INFO: [ app_begin ] --END-- [ RunTime:0.003951s ]

[ 2017-07-11T10:08:06+08:00 ] 127.0.0.1 /admin.php?s=/Wactivity/index.html
INFO: [ app_init ] --START--
INFO: Run Behavior\BuildLiteBehavior [ RunTime:0.000373s ]
INFO: Run Common\Behavior\InitHookBehavior [ RunTime:0.009724s ]
INFO: [ app_init ] --END-- [ RunTime:0.014034s ]
INFO: [ app_begin ] --START--
INFO: Run Behavior\ReadHtmlCacheBehavior [ RunTime:0.001589s ]
INFO: [ app_begin ] --END-- [ RunTime:0.003931s ]

[ 2017-07-11T10:08:07+08:00 ] 127.0.0.1 /admin.php?s=/Wactivity/index.html
INFO: [ app_init ] --START--
INFO: Run Behavior\BuildLiteBehavior [ RunTime:0.000424s ]
INFO: Run Common\Behavior\InitHookBehavior [ RunTime:0.008855s ]
INFO: [ app_init ] --END-- [ RunTime:0.014658s ]
INFO: [ app_begin ] --START--
INFO: Run Behavior\ReadHtmlCacheBehavior [ RunTime:0.003088s ]
INFO: [ app_begin ] --END-- [ RunTime:0.005591s ]

[ 2017-07-11T10:08:07+08:00 ] 127.0.0.1 /admin.php?s=/Wactivity/index.html
INFO: [ app_init ] --START--
INFO: Run Behavior\BuildLiteBehavior [ RunTime:0.000395s ]
INFO: Run Common\Behavior\InitHookBehavior [ RunTime:0.009970s ]
INFO: [ app_init ] --END-- [ RunTime:0.014234s ]
INFO: [ app_begin ] --START--
INFO: Run Behavior\ReadHtmlCacheBehavior [ RunTime:0.002175s ]
INFO: [ app_begin ] --END-- [ RunTime:0.005500s ]

[ 2017-07-11T10:08:07+08:00 ] 127.0.0.1 /admin.php?s=/Wactivity/index.html
INFO: [ app_init ] --START--
INFO: Run Behavior\BuildLiteBehavior [ RunTime:0.000637s ]
INFO: Run Common\Behavior\InitHookBehavior [ RunTime:0.011173s ]
INFO: [ app_init ] --END-- [ RunTime:0.017428s ]
INFO: [ app_begin ] --START--
INFO: Run Behavior\ReadHtmlCacheBehavior [ RunTime:0.001490s ]
INFO: [ app_begin ] --END-- [ RunTime:0.003903s ]

[ 2017-07-11T10:08:08+08:00 ] 127.0.0.1 /admin.php?s=/Wactivity/index.html
INFO: [ app_init ] --START--
INFO: Run Behavior\BuildLiteBehavior [ RunTime:0.000428s ]
INFO: Run Common\Behavior\InitHookBehavior [ RunTime:0.006918s ]
INFO: [ app_init ] --END-- [ RunTime:0.011854s ]
INFO: [ app_begin ] --START--
INFO: Run Behavior\ReadHtmlCacheBehavior [ RunTime:0.001505s ]
INFO: [ app_begin ] --END-- [ RunTime:0.004336s ]

[ 2017-07-11T10:08:09+08:00 ] 127.0.0.1 /admin.php?s=/Wactivity/index.html
INFO: [ app_init ] --START--
INFO: Run Behavior\BuildLiteBehavior [ RunTime:0.000408s ]
INFO: Run Common\Behavior\InitHookBehavior [ RunTime:0.007647s ]
INFO: [ app_init ] --END-- [ RunTime:0.012656s ]
INFO: [ app_begin ] --START--
INFO: Run Behavior\ReadHtmlCacheBehavior [ RunTime:0.001657s ]
INFO: [ app_begin ] --END-- [ RunTime:0.004190s ]

[ 2017-07-11T10:08:09+08:00 ] 127.0.0.1 /admin.php?s=/Wactivity/index.html
INFO: [ app_init ] --START--
INFO: Run Behavior\BuildLiteBehavior [ RunTime:0.000458s ]
INFO: Run Common\Behavior\InitHookBehavior [ RunTime:0.008956s ]
INFO: [ app_init ] --END-- [ RunTime:0.013603s ]
INFO: [ app_begin ] --START--
INFO: Run Behavior\ReadHtmlCacheBehavior [ RunTime:0.001521s ]
INFO: [ app_begin ] --END-- [ RunTime:0.003855s ]

[ 2017-07-11T10:08:53+08:00 ] 127.0.0.1 /admin.php?s=/Wactivity/index.html
INFO: [ app_init ] --START--
INFO: Run Behavior\BuildLiteBehavior [ RunTime:0.000456s ]
INFO: Run Common\Behavior\InitHookBehavior [ RunTime:0.008970s ]
INFO: [ app_init ] --END-- [ RunTime:0.013662s ]
INFO: [ app_begin ] --START--
INFO: Run Behavior\ReadHtmlCacheBehavior [ RunTime:0.001514s ]
INFO: [ app_begin ] --END-- [ RunTime:0.003833s ]

[ 2017-07-11T10:09:01+08:00 ] 127.0.0.1 /admin.php?s=/Wactivity/index.html
INFO: [ app_init ] --START--
INFO: Run Behavior\BuildLiteBehavior [ RunTime:0.000428s ]
INFO: Run Common\Behavior\InitHookBehavior [ RunTime:0.007905s ]
INFO: [ app_init ] --END-- [ RunTime:0.014348s ]
INFO: [ app_begin ] --START--
INFO: Run Behavior\ReadHtmlCacheBehavior [ RunTime:0.002302s ]
INFO: [ app_begin ] --END-- [ RunTime:0.005603s ]

[ 2017-07-11T10:09:05+08:00 ] 127.0.0.1 /admin.php?s=/Wactivity/status.html
INFO: [ app_init ] --START--
INFO: Run Behavior\BuildLiteBehavior [ RunTime:0.000425s ]
INFO: Run Common\Behavior\InitHookBehavior [ RunTime:0.007056s ]
INFO: [ app_init ] --END-- [ RunTime:0.013141s ]
INFO: [ app_begin ] --START--
INFO: Run Behavior\ReadHtmlCacheBehavior [ RunTime:0.001481s ]
INFO: [ app_begin ] --END-- [ RunTime:0.003794s ]

[ 2017-07-11T10:09:23+08:00 ] 127.0.0.1 /admin.php?s=/Wactivity/status.html
INFO: [ app_init ] --START--
INFO: Run Behavior\BuildLiteBehavior [ RunTime:0.000474s ]
INFO: Run Common\Behavior\InitHookBehavior [ RunTime:0.009947s ]
INFO: [ app_init ] --END-- [ RunTime:0.014767s ]
INFO: [ app_begin ] --START--
INFO: Run Behavior\ReadHtmlCacheBehavior [ RunTime:0.001661s ]
INFO: [ app_begin ] --END-- [ RunTime:0.004681s ]

[ 2017-07-11T10:09:39+08:00 ] 127.0.0.1 /admin.php?s=/Wactivity/index.html
INFO: [ app_init ] --START--
INFO: Run Behavior\BuildLiteBehavior [ RunTime:0.000416s ]
INFO: Run Common\Behavior\InitHookBehavior [ RunTime:0.009896s ]
INFO: [ app_init ] --END-- [ RunTime:0.014431s ]
INFO: [ app_begin ] --START--
INFO: Run Behavior\ReadHtmlCacheBehavior [ RunTime:0.001513s ]
INFO: [ app_begin ] --END-- [ RunTime:0.003956s ]

[ 2017-07-11T10:09:41+08:00 ] 127.0.0.1 /admin.php?s=/Wactivity/status.html
INFO: [ app_init ] --START--
INFO: Run Behavior\BuildLiteBehavior [ RunTime:0.000666s ]
INFO: Run Common\Behavior\InitHookBehavior [ RunTime:0.008383s ]
INFO: [ app_init ] --END-- [ RunTime:0.013747s ]
INFO: [ app_begin ] --START--
INFO: Run Behavior\ReadHtmlCacheBehavior [ RunTime:0.001503s ]
INFO: [ app_begin ] --END-- [ RunTime:0.004684s ]

[ 2017-07-11T10:10:12+08:00 ] 127.0.0.1 /admin.php?s=/Wactivity/status.html
INFO: [ app_init ] --START--
INFO: Run Behavior\BuildLiteBehavior [ RunTime:0.000554s ]
INFO: Run Common\Behavior\InitHookBehavior [ RunTime:0.007744s ]
INFO: [ app_init ] --END-- [ RunTime:0.012845s ]
INFO: [ app_begin ] --START--
INFO: Run Behavior\ReadHtmlCacheBehavior [ RunTime:0.003297s ]
INFO: [ app_begin ] --END-- [ RunTime:0.005650s ]

[ 2017-07-11T10:10:13+08:00 ] 127.0.0.1 /admin.php?s=/Wactivity/status.html
INFO: [ app_init ] --START--
INFO: Run Behavior\BuildLiteBehavior [ RunTime:0.000665s ]
INFO: Run Common\Behavior\InitHookBehavior [ RunTime:0.007363s ]
INFO: [ app_init ] --END-- [ RunTime:0.013220s ]
INFO: [ app_begin ] --START--
INFO: Run Behavior\ReadHtmlCacheBehavior [ RunTime:0.001563s ]
INFO: [ app_begin ] --END-- [ RunTime:0.003872s ]

[ 2017-07-11T10:10:15+08:00 ] 127.0.0.1 /admin.php?s=/Wactivity/status.html
INFO: [ app_init ] --START--
INFO: Run Behavior\BuildLiteBehavior [ RunTime:0.000530s ]
INFO: Run Common\Behavior\InitHookBehavior [ RunTime:0.008919s ]
INFO: [ app_init ] --END-- [ RunTime:0.015644s ]
INFO: [ app_begin ] --START--
INFO: Run Behavior\ReadHtmlCacheBehavior [ RunTime:0.002044s ]
INFO: [ app_begin ] --END-- [ RunTime:0.004899s ]

[ 2017-07-11T10:10:25+08:00 ] 127.0.0.1 /admin.php?s=/Wactivity/index.html
INFO: [ app_init ] --START--
INFO: Run Behavior\BuildLiteBehavior [ RunTime:0.000447s ]
INFO: Run Common\Behavior\InitHookBehavior [ RunTime:0.007843s ]
INFO: [ app_init ] --END-- [ RunTime:0.013478s ]
INFO: [ app_begin ] --START--
INFO: Run Behavior\ReadHtmlCacheBehavior [ RunTime:0.001496s ]
INFO: [ app_begin ] --END-- [ RunTime:0.003775s ]

[ 2017-07-11T10:10:37+08:00 ] 127.0.0.1 /admin.php?s=/Wactivity/index.html
INFO: [ app_init ] --START--
INFO: Run Behavior\BuildLiteBehavior [ RunTime:0.001124s ]
INFO: Run Common\Behavior\InitHookBehavior [ RunTime:0.007673s ]
INFO: [ app_init ] --END-- [ RunTime:0.013732s ]
INFO: [ app_begin ] --START--
INFO: Run Behavior\ReadHtmlCacheBehavior [ RunTime:0.001542s ]
INFO: [ app_begin ] --END-- [ RunTime:0.003984s ]

[ 2017-07-11T10:10:39+08:00 ] 127.0.0.1 /admin.php?s=/Wactivity/status/id/12.html
INFO: [ app_init ] --START--
INFO: Run Behavior\BuildLiteBehavior [ RunTime:0.000453s ]
INFO: Run Common\Behavior\InitHookBehavior [ RunTime:0.008618s ]
INFO: [ app_init ] --END-- [ RunTime:0.013657s ]
INFO: [ app_begin ] --START--
INFO: Run Behavior\ReadHtmlCacheBehavior [ RunTime:0.001702s ]
INFO: [ app_begin ] --END-- [ RunTime:0.004319s ]

[ 2017-07-11T10:10:52+08:00 ] 127.0.0.1 /admin.php?s=/Wactivity/status/id/12.html
INFO: [ app_init ] --START--
INFO: Run Behavior\BuildLiteBehavior [ RunTime:0.000506s ]
INFO: Run Common\Behavior\InitHookBehavior [ RunTime:0.011223s ]
INFO: [ app_init ] --END-- [ RunTime:0.016026s ]
INFO: [ app_begin ] --START--
INFO: Run Behavior\ReadHtmlCacheBehavior [ RunTime:0.001682s ]
INFO: [ app_begin ] --END-- [ RunTime:0.004250s ]

[ 2017-07-11T10:10:54+08:00 ] 127.0.0.1 /admin.php?s=/Wactivity/index.html
INFO: [ app_init ] --START--
INFO: Run Behavior\BuildLiteBehavior [ RunTime:0.000548s ]
INFO: Run Common\Behavior\InitHookBehavior [ RunTime:0.010062s ]
INFO: [ app_init ] --END-- [ RunTime:0.015951s ]
INFO: [ app_begin ] --START--
INFO: Run Behavior\ReadHtmlCacheBehavior [ RunTime:0.001913s ]
INFO: [ app_begin ] --END-- [ RunTime:0.005094s ]

[ 2017-07-11T10:11:33+08:00 ] 127.0.0.1 /admin.php?s=/Wactivity/index.html
INFO: [ app_init ] --START--
INFO: Run Behavior\BuildLiteBehavior [ RunTime:0.000479s ]
INFO: Run Common\Behavior\InitHookBehavior [ RunTime:0.007099s ]
INFO: [ app_init ] --END-- [ RunTime:0.012510s ]
INFO: [ app_begin ] --START--
INFO: Run Behavior\ReadHtmlCacheBehavior [ RunTime:0.001855s ]
INFO: [ app_begin ] --END-- [ RunTime:0.004579s ]

[ 2017-07-11T10:11:38+08:00 ] 127.0.0.1 /admin.php?s=/Wactivity/index.html
INFO: [ app_init ] --START--
INFO: Run Behavior\BuildLiteBehavior [ RunTime:0.000825s ]
INFO: Run Common\Behavior\InitHookBehavior [ RunTime:0.013824s ]
INFO: [ app_init ] --END-- [ RunTime:0.022771s ]
INFO: [ app_begin ] --START--
INFO: Run Behavior\ReadHtmlCacheBehavior [ RunTime:0.001546s ]
INFO: [ app_begin ] --END-- [ RunTime:0.003925s ]

[ 2017-07-11T10:11:40+08:00 ] 127.0.0.1 /admin.php?s=/Public/logout.html
INFO: [ app_init ] --START--
INFO: Run Behavior\BuildLiteBehavior [ RunTime:0.000471s ]
INFO: Run Common\Behavior\InitHookBehavior [ RunTime:0.007936s ]
INFO: [ app_init ] --END-- [ RunTime:0.013780s ]
INFO: [ app_begin ] --START--
INFO: Run Behavior\ReadHtmlCacheBehavior [ RunTime:0.001608s ]
INFO: [ app_begin ] --END-- [ RunTime:0.004677s ]
SQL: SHOW COLUMNS FROM `onethink_member` [ RunTime:0.0069s ]
INFO: [ view_parse ] --START--
INFO: [ template_filter ] --START--
INFO: Run Behavior\ContentReplaceBehavior [ RunTime:0.001331s ]
INFO: [ template_filter ] --END-- [ RunTime:0.003698s ]
INFO: Run Behavior\ParseTemplateBehavior [ RunTime:0.033448s ]
INFO: [ view_parse ] --END-- [ RunTime:0.037484s ]
INFO: [ view_filter ] --START--
INFO: Run Behavior\WriteHtmlCacheBehavior [ RunTime:0.001900s ]
INFO: [ view_filter ] --END-- [ RunTime:0.004592s ]
INFO: [ app_end ] --START--
INFO: Run Behavior\ShowPageTraceBehavior [ RunTime:0.001593s ]
INFO: [ app_end ] --END-- [ RunTime:0.004236s ]

[ 2017-07-11T10:11:41+08:00 ] 127.0.0.1 /admin.php?s=/Public/login.html
INFO: [ app_init ] --START--
INFO: Run Behavior\BuildLiteBehavior [ RunTime:0.000478s ]
INFO: Run Common\Behavior\InitHookBehavior [ RunTime:0.007777s ]
INFO: [ app_init ] --END-- [ RunTime:0.012416s ]
INFO: [ app_begin ] --START--
INFO: Run Behavior\ReadHtmlCacheBehavior [ RunTime:0.002865s ]
INFO: [ app_begin ] --END-- [ RunTime:0.006443s ]

[ 2017-07-11T10:11:42+08:00 ] 127.0.0.1 /admin.php?s=/Public/verify.html
INFO: [ app_init ] --START--
INFO: Run Behavior\BuildLiteBehavior [ RunTime:0.000544s ]
INFO: Run Common\Behavior\InitHookBehavior [ RunTime:0.008181s ]
INFO: [ app_init ] --END-- [ RunTime:0.013953s ]
INFO: [ app_begin ] --START--
INFO: Run Behavior\ReadHtmlCacheBehavior [ RunTime:0.002384s ]
INFO: [ app_begin ] --END-- [ RunTime:0.006057s ]
INFO: [ app_end ] --START--
INFO: Run Behavior\ShowPageTraceBehavior [ RunTime:0.002083s ]
INFO: [ app_end ] --END-- [ RunTime:0.004411s ]

[ 2017-07-11T10:11:45+08:00 ] 127.0.0.1 /admin.php?s=/Public/login.html
INFO: [ app_init ] --START--
INFO: Run Behavior\BuildLiteBehavior [ RunTime:0.001074s ]
INFO: Run Common\Behavior\InitHookBehavior [ RunTime:0.007021s ]
INFO: [ app_init ] --END-- [ RunTime:0.013477s ]
INFO: [ app_begin ] --START--
INFO: Run Behavior\ReadHtmlCacheBehavior [ RunTime:0.001276s ]
INFO: [ app_begin ] --END-- [ RunTime:0.003062s ]
SQL: SHOW COLUMNS FROM `onethink_member` [ RunTime:0.0038s ]
SQL: SELECT `uid`,`nickname`,`sex`,`birthday`,`qq`,`score`,`login`,`reg_ip`,`reg_time`,`last_login_ip`,`last_login_time`,`status` FROM `onethink_member` WHERE `uid` = 1 LIMIT 1   [ RunTime:0.0008s ]
SQL: SHOW COLUMNS FROM `onethink_action` [ RunTime:0.0051s ]
SQL: SELECT * FROM `onethink_action` WHERE `name` = 'user_login' LIMIT 1   [ RunTime:0.0007s ]
SQL: SHOW COLUMNS FROM `onethink_action_log` [ RunTime:0.0038s ]
SQL: INSERT INTO `onethink_action_log` (`action_id`,`user_id`,`action_ip`,`model`,`record_id`,`create_time`,`remark`) VALUES ('1','1','2130706433','member','1','1499739105','hjl在2017-07-11 10:11登录了后台') [ RunTime:0.0014s ]
SQL: SELECT * FROM `onethink_action` WHERE `name` = 'user_login' LIMIT 1   [ RunTime:0.0007s ]
NOTIC: [8] Undefined offset: 1 D:\php\thinkphp\onethink-master\wwwroot\Application\Common\Common\function.php 第 679 行.
NOTIC: [2] array_key_exists() expects parameter 2 to be array, null given D:\php\thinkphp\onethink-master\wwwroot\Application\Common\Common\function.php 第 679 行.
SQL: SELECT COUNT(*) AS tp_count FROM `onethink_action_log` WHERE `action_id` = 1 AND `user_id` = 1 AND `create_time` > 1499652705 LIMIT 1   [ RunTime:0.0008s ]
SQL: UPDATE `onethink_member` SET `login`=`login`+1,`last_login_time`='1499739105',`last_login_ip`='2130706433' WHERE `uid` = 1 [ RunTime:0.0009s ]

[ 2017-07-11T10:11:47+08:00 ] 127.0.0.1 /admin.php?s=/Index/index.html
INFO: [ app_init ] --START--
INFO: Run Behavior\BuildLiteBehavior [ RunTime:0.000459s ]
INFO: Run Common\Behavior\InitHookBehavior [ RunTime:0.006996s ]
INFO: [ app_init ] --END-- [ RunTime:0.012046s ]
INFO: [ app_begin ] --START--
INFO: Run Behavior\ReadHtmlCacheBehavior [ RunTime:0.001545s ]
INFO: [ app_begin ] --END-- [ RunTime:0.003945s ]

[ 2017-07-11T10:11:48+08:00 ] 127.0.0.1 /admin.php?s=/Public/login.html
INFO: [ app_init ] --START--
INFO: Run Behavior\BuildLiteBehavior [ RunTime:0.000632s ]
INFO: Run Common\Behavior\InitHookBehavior [ RunTime:0.009386s ]
INFO: [ app_init ] --END-- [ RunTime:0.015454s ]
INFO: [ app_begin ] --START--
INFO: Run Behavior\ReadHtmlCacheBehavior [ RunTime:0.001277s ]
INFO: [ app_begin ] --END-- [ RunTime:0.003305s ]

[ 2017-07-11T10:11:49+08:00 ] 127.0.0.1 /admin.php?s=/Sole/index.html
INFO: [ app_init ] --START--
INFO: Run Behavior\BuildLiteBehavior [ RunTime:0.000425s ]
INFO: Run Common\Behavior\InitHookBehavior [ RunTime:0.007496s ]
INFO: [ app_init ] --END-- [ RunTime:0.012656s ]
INFO: [ app_begin ] --START--
INFO: Run Behavior\ReadHtmlCacheBehavior [ RunTime:0.001552s ]
INFO: [ app_begin ] --END-- [ RunTime:0.004075s ]

[ 2017-07-11T10:11:50+08:00 ] 127.0.0.1 /admin.php?s=/Wactivity/index.html
INFO: [ app_init ] --START--
INFO: Run Behavior\BuildLiteBehavior [ RunTime:0.000425s ]
INFO: Run Common\Behavior\InitHookBehavior [ RunTime:0.007410s ]
INFO: [ app_init ] --END-- [ RunTime:0.012256s ]
INFO: [ app_begin ] --START--
INFO: Run Behavior\ReadHtmlCacheBehavior [ RunTime:0.001575s ]
INFO: [ app_begin ] --END-- [ RunTime:0.004046s ]

[ 2017-07-11T10:11:55+08:00 ] 127.0.0.1 /admin.php?s=/Wactivity/status/id/13.html
INFO: [ app_init ] --START--
INFO: Run Behavior\BuildLiteBehavior [ RunTime:0.000536s ]
INFO: Run Common\Behavior\InitHookBehavior [ RunTime:0.008039s ]
INFO: [ app_init ] --END-- [ RunTime:0.013075s ]
INFO: [ app_begin ] --START--
INFO: Run Behavior\ReadHtmlCacheBehavior [ RunTime:0.001876s ]
INFO: [ app_begin ] --END-- [ RunTime:0.005500s ]

[ 2017-07-11T10:11:57+08:00 ] 127.0.0.1 /admin.php?s=/Wactivity/index.html
INFO: [ app_init ] --START--
INFO: Run Behavior\BuildLiteBehavior [ RunTime:0.000574s ]
INFO: Run Common\Behavior\InitHookBehavior [ RunTime:0.009650s ]
INFO: [ app_init ] --END-- [ RunTime:0.015597s ]
INFO: [ app_begin ] --START--
INFO: Run Behavior\ReadHtmlCacheBehavior [ RunTime:0.001521s ]
INFO: [ app_begin ] --END-- [ RunTime:0.003908s ]

[ 2017-07-11T10:12:23+08:00 ] 127.0.0.1 /admin.php?s=/Wactivity/index.html
INFO: [ app_init ] --START--
INFO: Run Behavior\BuildLiteBehavior [ RunTime:0.000413s ]
INFO: Run Common\Behavior\InitHookBehavior [ RunTime:0.009490s ]
INFO: [ app_init ] --END-- [ RunTime:0.014328s ]
INFO: [ app_begin ] --START--
INFO: Run Behavior\ReadHtmlCacheBehavior [ RunTime:0.002771s ]
INFO: [ app_begin ] --END-- [ RunTime:0.005897s ]

[ 2017-07-11T10:12:26+08:00 ] 127.0.0.1 /admin.php?s=/Wactivity/index.html
INFO: [ app_init ] --START--
INFO: Run Behavior\BuildLiteBehavior [ RunTime:0.000448s ]
INFO: Run Common\Behavior\InitHookBehavior [ RunTime:0.009118s ]
INFO: [ app_init ] --END-- [ RunTime:0.013550s ]
INFO: [ app_begin ] --START--
INFO: Run Behavior\ReadHtmlCacheBehavior [ RunTime:0.001626s ]
INFO: [ app_begin ] --END-- [ RunTime:0.004271s ]

[ 2017-07-11T10:12:27+08:00 ] 127.0.0.1 /admin.php?s=/Wactivity/index.html
INFO: [ app_init ] --START--
INFO: Run Behavior\BuildLiteBehavior [ RunTime:0.000443s ]
INFO: Run Common\Behavior\InitHookBehavior [ RunTime:0.008042s ]
INFO: [ app_init ] --END-- [ RunTime:0.013307s ]
INFO: [ app_begin ] --START--
INFO: Run Behavior\ReadHtmlCacheBehavior [ RunTime:0.001714s ]
INFO: [ app_begin ] --END-- [ RunTime:0.005000s ]

[ 2017-07-11T10:12:28+08:00 ] 127.0.0.1 /admin.php?s=/Wactivity/index.html
INFO: [ app_init ] --START--
INFO: Run Behavior\BuildLiteBehavior [ RunTime:0.000428s ]
INFO: Run Common\Behavior\InitHookBehavior [ RunTime:0.007005s ]
INFO: [ app_init ] --END-- [ RunTime:0.011892s ]
INFO: [ app_begin ] --START--
INFO: Run Behavior\ReadHtmlCacheBehavior [ RunTime:0.001537s ]
INFO: [ app_begin ] --END-- [ RunTime:0.004912s ]

[ 2017-07-11T10:12:44+08:00 ] 127.0.0.1 /admin.php?s=/Wactivity/index.html
INFO: [ app_init ] --START--
INFO: Run Behavior\BuildLiteBehavior [ RunTime:0.000468s ]
INFO: Run Common\Behavior\InitHookBehavior [ RunTime:0.010011s ]
INFO: [ app_init ] --END-- [ RunTime:0.014571s ]
INFO: [ app_begin ] --START--
INFO: Run Behavior\ReadHtmlCacheBehavior [ RunTime:0.001550s ]
INFO: [ app_begin ] --END-- [ RunTime:0.004031s ]

[ 2017-07-11T10:12:46+08:00 ] 127.0.0.1 /admin.php?s=/Wactivity/status/id/13.html
INFO: [ app_init ] --START--
INFO: Run Behavior\BuildLiteBehavior [ RunTime:0.000551s ]
INFO: Run Common\Behavior\InitHookBehavior [ RunTime:0.007029s ]
INFO: [ app_init ] --END-- [ RunTime:0.013539s ]
INFO: [ app_begin ] --START--
INFO: Run Behavior\ReadHtmlCacheBehavior [ RunTime:0.001463s ]
INFO: [ app_begin ] --END-- [ RunTime:0.003798s ]

[ 2017-07-11T10:12:48+08:00 ] 127.0.0.1 /admin.php?s=/Wactivity/index.html
INFO: [ app_init ] --START--
INFO: Run Behavior\BuildLiteBehavior [ RunTime:0.000752s ]
INFO: Run Common\Behavior\InitHookBehavior [ RunTime:0.007245s ]
INFO: [ app_init ] --END-- [ RunTime:0.013915s ]
INFO: [ app_begin ] --START--
INFO: Run Behavior\ReadHtmlCacheBehavior [ RunTime:0.001824s ]
INFO: [ app_begin ] --END-- [ RunTime:0.004373s ]

